<?xml version="1.0" encoding="UTF-8"?>
<testsuite name="org.keedio.flume.source.SQLSourceHelperTest" time="0.137" tests="18" errors="0" skipped="0" failures="0">
  <properties>
[...]
</properties>
  <testcase name="getConnectionURL" classname="org.keedio.flume.source.SQLSourceHelperTest" time="0.064"/>
  <testcase name="connectionURLNotSet" classname="org.keedio.flume.source.SQLSourceHelperTest" time="0.002"/>
  <testcase name="checkStatusFileNameNotSet" classname="org.keedio.flume.source.SQLSourceHelperTest" time="0.004"/>
  <testcase name="getCurrentIndex" classname="org.keedio.flume.source.SQLSourceHelperTest" time="0.003"/>
  <testcase name="getPassword" classname="org.keedio.flume.source.SQLSourceHelperTest" time="0.003"/>
  <testcase name="chekGetAllRowsWithNullParam" classname="org.keedio.flume.source.SQLSourceHelperTest" time="0.003"/>
  <testcase name="getBatchSize" classname="org.keedio.flume.source.SQLSourceHelperTest" time="0.004"/>
  <testcase name="getRunQueryDelay" classname="org.keedio.flume.source.SQLSourceHelperTest" time="0.003"/>
  <testcase name="setCurrentIndex" classname="org.keedio.flume.source.SQLSourceHelperTest" time="0.003"/>
  <testcase name="chekGetAllRows" classname="org.keedio.flume.source.SQLSourceHelperTest" time="0.014"/>
  <testcase name="checkStatusFileCorrectlyUpdated" classname="org.keedio.flume.source.SQLSourceHelperTest" time="0.009"/>
  <testcase name="tableNotSet" classname="org.keedio.flume.source.SQLSourceHelperTest" time="0.002"/>
  <testcase name="chekGetAllRowsWithEmptyParam" classname="org.keedio.flume.source.SQLSourceHelperTest" time="0.003"/>
  <testcase name="checkStatusFileCorrectlyCreated" classname="org.keedio.flume.source.SQLSourceHelperTest" time="0.006"/>
  <testcase name="getUserName" classname="org.keedio.flume.source.SQLSourceHelperTest" time="0.004"/>
  <testcase name="getCustomQuery" classname="org.keedio.flume.source.SQLSourceHelperTest" time="0.005"/>
  <testcase name="createDirectory" classname="org.keedio.flume.source.SQLSourceHelperTest" time="0.002"/>
  <testcase name="getQuery" classname="org.keedio.flume.source.SQLSourceHelperTest" time="0.003"/>
</testsuite>